cl : ligne de commande warning D9035: l'option 'Gm' est déconseillée et sera supprimée dans une version ultérieure
  Vehicle.cpp
D:\0 - Code\UQAC\IA\tp2\code_source_devoir_2\Common\misc\CellSpacePartition.h(234,11): warning C4018: '>' : incompatibilité signed/unsigned
D:\0 - Code\UQAC\IA\tp2\code_source_devoir_2\Common\misc\CellSpacePartition.h(228): message : pendant la compilation de la fonction membre classe modèle 'int CellSpacePartition<Vehicle *>::PositionToIndex(const Vector2D &) const'
D:\0 - Code\UQAC\IA\tp2\code_source_devoir_2\Common\misc\CellSpacePartition.h(265): message : voir la référence à l'instanciation de la fonction modèle 'int CellSpacePartition<Vehicle *>::PositionToIndex(const Vector2D &) const' en cours de compilation
D:\0 - Code\UQAC\IA\tp2\code_source_devoir_2\Common\misc\CellSpacePartition.h(262): message : pendant la compilation de la fonction membre classe modèle 'void CellSpacePartition<Vehicle *>::UpdateEntity(const entity &,Vector2D)'
          with
          [
              entity=Vehicle *
          ]
D:\0 - Code\UQAC\IA\tp2\code_source_devoir_2\Buckland_Chapter3-Steering Behaviors\Vehicle.cpp(107): message : voir la référence à l'instanciation de la fonction modèle 'void CellSpacePartition<Vehicle *>::UpdateEntity(const entity &,Vector2D)' en cours de compilation
          with
          [
              entity=Vehicle *
          ]
D:\0 - Code\UQAC\IA\tp2\code_source_devoir_2\Buckland_Chapter3-Steering Behaviors\Vehicle.cpp(107): message : voir la référence à l'instanciation classe modèle 'CellSpacePartition<Vehicle *>' en cours de compilation
  SteeringBehaviors.cpp
  Path.cpp
  ParamLoader.cpp
  Obstacle.cpp
  main.cpp
  GameWorld.cpp
D:\0 - Code\UQAC\IA\tp2\code_source_devoir_2\Common\misc\CellSpacePartition.h(234,11): warning C4018: '>' : incompatibilité signed/unsigned
D:\0 - Code\UQAC\IA\tp2\code_source_devoir_2\Common\misc\CellSpacePartition.h(228): message : pendant la compilation de la fonction membre classe modèle 'int CellSpacePartition<Vehicle *>::PositionToIndex(const Vector2D &) const'
D:\0 - Code\UQAC\IA\tp2\code_source_devoir_2\Common\misc\CellSpacePartition.h(249): message : voir la référence à l'instanciation de la fonction modèle 'int CellSpacePartition<Vehicle *>::PositionToIndex(const Vector2D &) const' en cours de compilation
D:\0 - Code\UQAC\IA\tp2\code_source_devoir_2\Common\misc\CellSpacePartition.h(130): message : pendant la compilation de la fonction membre classe modèle 'CellSpacePartition<Vehicle *>::CellSpacePartition(double,double,int,int,int)'
D:\0 - Code\UQAC\IA\tp2\code_source_devoir_2\Buckland_Chapter3-Steering Behaviors\GameWorld.cpp(46): message : voir la référence à l'instanciation de la fonction modèle 'CellSpacePartition<Vehicle *>::CellSpacePartition(double,double,int,int,int)' en cours de compilation
D:\0 - Code\UQAC\IA\tp2\code_source_devoir_2\Buckland_Chapter3-Steering Behaviors\GameWorld.cpp(46): message : voir la référence à l'instanciation classe modèle 'CellSpacePartition<Vehicle *>' en cours de compilation
  PrecisionTimer.cpp
  WindowUtils.cpp
  iniFileLoaderBase.cpp
D:\0 - Code\UQAC\IA\tp2\code_source_devoir_2\Common\misc\iniFileLoaderBase.cpp(9,42): warning C4305: 'argument' : troncation de 'int' à 'const _Elem'
          with
          [
              _Elem=char
          ]
D:\0 - Code\UQAC\IA\tp2\code_source_devoir_2\Common\misc\iniFileLoaderBase.cpp(9,38): warning C4309: 'argument' : troncation de valeur de constante
D:\0 - Code\UQAC\IA\tp2\code_source_devoir_2\Common\misc\iniFileLoaderBase.cpp(57,23): warning C4129: ';' : caractère de séquence d'échappement non reconnu
D:\0 - Code\UQAC\IA\tp2\code_source_devoir_2\Common\misc\iniFileLoaderBase.cpp(109,23): warning C4129: ';' : caractère de séquence d'échappement non reconnu
  Cgdi.cpp
  Vector2d.cpp
  Génération de code en cours...
Vector2d.obj : warning LNK4075: ' /EDITANDCONTINUE' ignoré à cause de la spécification '/SAFESEH'
  Steering.vcxproj -> D:\0 - Code\UQAC\IA\tp2\code_source_devoir_2\Buckland_Chapter3-Steering Behaviors\Debug\Steering.exe
